28-04-2017 08:59:10 [main] DEBUG dart.start.PharmacyApplication - Logged out..
28-04-2017 08:59:10 [main] DEBUG celllife.idart.gui.login.Login - Login Form Created
28-04-2017 08:59:14 [main] INFO  celllife.idart.gui.login.Login - Login successful for user admin
28-04-2017 08:59:14 [main] INFO  celllife.idart.misc.LoginTimer - Starting new logout timer with timeout 600 seconds.
28-04-2017 08:59:14 [main] DEBUG art.gui.welcome.GenericWelcome - Creating newWelcome
28-04-2017 08:59:14 [main] ERROR art.gui.welcome.GenericWelcome - Unable to load help.
28-04-2017 08:59:14 [main] INFO  idart.database.dao.ConexaoJDBC - Conectando ao banco de dados
URL = jdbc:postgresql://192.168.10.116:5432/pharm
28-04-2017 08:59:14 [main] INFO  idart.database.dao.ConexaoJDBC - Conectado...Criando a declaração
28-04-2017 08:59:14 [main] INFO  idart.database.dao.ConexaoJDBC - Conectando ao banco de dados
URL = jdbc:postgresql://192.168.10.116:5432/pharm
28-04-2017 08:59:14 [main] INFO  idart.database.dao.ConexaoJDBC - Conectado...Criando a declaração
28-04-2017 08:59:52 [main] INFO  .gui.generalAdmin.GeneralAdmin - GeneralAdmin: Initializing the GUI
28-04-2017 09:00:47 [main] DEBUG celllife.idart.misc.LoginTimer - Terminating iDART - TIMER EXPIRED
28-04-2017 09:00:47 [main] DEBUG dart.start.PharmacyApplication - Logged out..
28-04-2017 09:00:47 [main] DEBUG celllife.idart.gui.login.Login - Login Form Created
28-04-2017 09:03:33 [main] INFO  idart.database.dao.ConexaoJDBC - Conectando ao banco de dados
URL = jdbc:postgresql://192.168.10.116:5432/pharm
28-04-2017 09:03:33 [main] INFO  idart.database.dao.ConexaoJDBC - Conectado...Criando a declaração
28-04-2017 09:03:33 [main] INFO  idart.database.dao.ConexaoJDBC - Conectando ao banco de dados
URL = jdbc:postgresql://192.168.10.116:5432/pharm
28-04-2017 09:03:33 [main] INFO  idart.database.dao.ConexaoJDBC - Conectado...Criando a declaração
28-04-2017 09:03:35 [main] INFO  .gui.generalAdmin.GeneralAdmin - GeneralAdmin: Initializing the GUI
28-04-2017 09:03:48 [main] DEBUG celllife.idart.misc.LoginTimer - Terminating iDART - TIMER EXPIRED
28-04-2017 09:03:48 [main] DEBUG dart.start.PharmacyApplication - Logged out..
28-04-2017 09:03:48 [main] DEBUG celllife.idart.gui.login.Login - Login Form Created
11-05-2017 13:47:27 [main] INFO  idart.database.dao.ConexaoJDBC - Conectando ao banco de dados
URL = jdbc:postgresql://192.168.10.116:5432/pharm
11-05-2017 13:47:27 [main] INFO  idart.database.dao.ConexaoJDBC - Conectado...Criando a declaração
11-05-2017 13:47:27 [main] INFO  idart.database.dao.ConexaoJDBC - Conectando ao banco de dados
URL = jdbc:postgresql://192.168.10.116:5432/pharm
11-05-2017 13:47:27 [main] INFO  idart.database.dao.ConexaoJDBC - Conectado...Criando a declaração
11-05-2017 13:47:51 [main] INFO  .gui.generalAdmin.GeneralAdmin - GeneralAdmin: Initializing the GUI
11-05-2017 13:47:59 [main] INFO  .gui.generalAdmin.GeneralAdmin - GeneralAdmin: Initializing the GUI
11-05-2017 13:48:10 [SwingWorker-pool-3-thread-1] WARN  .hibernate.cfg.SettingsFactory - Could not obtain connection metadata
com.mysql.jdbc.exceptions.jdbc4.CommunicationsException: Communications link failure

The last packet sent successfully to the server was 0 milliseconds ago. The driver has not received any packets from the server.
	at sun.reflect.NativeConstructorAccessorImpl.newInstance0(Native Method)
	at sun.reflect.NativeConstructorAccessorImpl.newInstance(NativeConstructorAccessorImpl.java:57)
	at sun.reflect.DelegatingConstructorAccessorImpl.newInstance(DelegatingConstructorAccessorImpl.java:45)
	at java.lang.reflect.Constructor.newInstance(Constructor.java:526)
	at com.mysql.jdbc.Util.handleNewInstance(Util.java:411)
	at com.mysql.jdbc.SQLError.createCommunicationsException(SQLError.java:1117)
	at com.mysql.jdbc.MysqlIO.<init>(MysqlIO.java:355)
	at com.mysql.jdbc.ConnectionImpl.coreConnect(ConnectionImpl.java:2461)
	at com.mysql.jdbc.ConnectionImpl.connectOneTryOnly(ConnectionImpl.java:2498)
	at com.mysql.jdbc.ConnectionImpl.createNewIO(ConnectionImpl.java:2283)
	at com.mysql.jdbc.ConnectionImpl.<init>(ConnectionImpl.java:822)
	at com.mysql.jdbc.JDBC4Connection.<init>(JDBC4Connection.java:47)
	at sun.reflect.NativeConstructorAccessorImpl.newInstance0(Native Method)
	at sun.reflect.NativeConstructorAccessorImpl.newInstance(NativeConstructorAccessorImpl.java:57)
	at sun.reflect.DelegatingConstructorAccessorImpl.newInstance(DelegatingConstructorAccessorImpl.java:45)
	at java.lang.reflect.Constructor.newInstance(Constructor.java:526)
	at com.mysql.jdbc.Util.handleNewInstance(Util.java:411)
	at com.mysql.jdbc.ConnectionImpl.getInstance(ConnectionImpl.java:404)
	at com.mysql.jdbc.NonRegisteringDriver.connect(NonRegisteringDriver.java:317)
	at java.sql.DriverManager.getConnection(DriverManager.java:571)
	at java.sql.DriverManager.getConnection(DriverManager.java:187)
	at org.hibernate.connection.DriverManagerConnectionProvider.getConnection(DriverManagerConnectionProvider.java:110)
	at org.hibernate.cfg.SettingsFactory.buildSettings(SettingsFactory.java:84)
	at org.hibernate.cfg.Configuration.buildSettings(Configuration.java:2009)
	at org.hibernate.cfg.Configuration.buildSessionFactory(Configuration.java:1292)
	at org.hibernate.cfg.AnnotationConfiguration.buildSessionFactory(AnnotationConfiguration.java:915)
	at org.ccs.openmrs.migracao.connection.hibernateConection.<clinit>(hibernateConection.java:47)
	at org.ccs.openmrs.migracao.entidadesHibernate.ExportDao.PackageDrugInfoExportDao.openCurrentSession(PackageDrugInfoExportDao.java:25)
	at org.ccs.openmrs.migracao.entidadesHibernate.ExportDispense.PackageDrugInfoExportService.findAll(PackageDrugInfoExportService.java:54)
	at org.ccs.openmrs.migracao.swingreverse.Task1.doInBackground(Task1.java:91)
	at org.ccs.openmrs.migracao.swingreverse.Task1.doInBackground(Task1.java:46)
	at javax.swing.SwingWorker$1.call(SwingWorker.java:296)
	at java.util.concurrent.FutureTask.run(FutureTask.java:262)
	at javax.swing.SwingWorker.run(SwingWorker.java:335)
	at java.util.concurrent.ThreadPoolExecutor.runWorker(ThreadPoolExecutor.java:1145)
	at java.util.concurrent.ThreadPoolExecutor$Worker.run(ThreadPoolExecutor.java:615)
	at java.lang.Thread.run(Thread.java:745)
Caused by: java.net.ConnectException: Connection refused: connect
	at java.net.DualStackPlainSocketImpl.connect0(Native Method)
	at java.net.DualStackPlainSocketImpl.socketConnect(DualStackPlainSocketImpl.java:79)
	at java.net.AbstractPlainSocketImpl.doConnect(AbstractPlainSocketImpl.java:339)
	at java.net.AbstractPlainSocketImpl.connectToAddress(AbstractPlainSocketImpl.java:200)
	at java.net.AbstractPlainSocketImpl.connect(AbstractPlainSocketImpl.java:182)
	at java.net.PlainSocketImpl.connect(PlainSocketImpl.java:172)
	at java.net.SocksSocketImpl.connect(SocksSocketImpl.java:392)
	at java.net.Socket.connect(Socket.java:579)
	at java.net.Socket.connect(Socket.java:528)
	at java.net.Socket.<init>(Socket.java:425)
	at java.net.Socket.<init>(Socket.java:241)
	at com.mysql.jdbc.StandardSocketFactory.connect(StandardSocketFactory.java:259)
	at com.mysql.jdbc.MysqlIO.<init>(MysqlIO.java:305)
	... 30 more
11-05-2017 13:48:15 [SwingWorker-pool-3-thread-1] WARN  ate.util.JDBCExceptionReporter - SQL Error: 0, SQLState: 08S01
11-05-2017 13:48:15 [SwingWorker-pool-3-thread-1] ERROR ate.util.JDBCExceptionReporter - Communications link failure

The last packet sent successfully to the server was 0 milliseconds ago. The driver has not received any packets from the server.
11-05-2017 13:49:49 [SwingWorker-pool-3-thread-2] WARN  ate.util.JDBCExceptionReporter - SQL Error: 0, SQLState: 08S01
11-05-2017 13:49:49 [SwingWorker-pool-3-thread-2] ERROR ate.util.JDBCExceptionReporter - Communications link failure

The last packet sent successfully to the server was 0 milliseconds ago. The driver has not received any packets from the server.
11-05-2017 13:50:00 [main] DEBUG celllife.idart.misc.LoginTimer - Terminating iDART - TIMER EXPIRED
11-05-2017 13:50:00 [main] DEBUG dart.start.PharmacyApplication - Logged out..
11-05-2017 13:50:00 [main] DEBUG celllife.idart.gui.login.Login - Login Form Created
11-05-2017 13:52:12 [main] INFO  idart.database.dao.ConexaoJDBC - Conectando ao banco de dados
URL = jdbc:postgresql://192.168.10.116:5432/pharm
11-05-2017 13:52:12 [main] INFO  idart.database.dao.ConexaoJDBC - Conectado...Criando a declaração
11-05-2017 13:52:12 [main] INFO  idart.database.dao.ConexaoJDBC - Conectando ao banco de dados
URL = jdbc:postgresql://192.168.10.116:5432/pharm
11-05-2017 13:52:12 [main] INFO  idart.database.dao.ConexaoJDBC - Conectado...Criando a declaração
11-05-2017 13:52:16 [main] INFO  .gui.generalAdmin.GeneralAdmin - GeneralAdmin: Initializing the GUI
11-05-2017 13:52:25 [SwingWorker-pool-3-thread-1] WARN  .hibernate.cfg.SettingsFactory - Could not obtain connection metadata
com.mysql.jdbc.exceptions.jdbc4.CommunicationsException: Communications link failure

The last packet sent successfully to the server was 0 milliseconds ago. The driver has not received any packets from the server.
	at sun.reflect.NativeConstructorAccessorImpl.newInstance0(Native Method)
	at sun.reflect.NativeConstructorAccessorImpl.newInstance(NativeConstructorAccessorImpl.java:57)
	at sun.reflect.DelegatingConstructorAccessorImpl.newInstance(DelegatingConstructorAccessorImpl.java:45)
	at java.lang.reflect.Constructor.newInstance(Constructor.java:526)
	at com.mysql.jdbc.Util.handleNewInstance(Util.java:411)
	at com.mysql.jdbc.SQLError.createCommunicationsException(SQLError.java:1117)
	at com.mysql.jdbc.MysqlIO.<init>(MysqlIO.java:355)
	at com.mysql.jdbc.ConnectionImpl.coreConnect(ConnectionImpl.java:2461)
	at com.mysql.jdbc.ConnectionImpl.connectOneTryOnly(ConnectionImpl.java:2498)
	at com.mysql.jdbc.ConnectionImpl.createNewIO(ConnectionImpl.java:2283)
	at com.mysql.jdbc.ConnectionImpl.<init>(ConnectionImpl.java:822)
	at com.mysql.jdbc.JDBC4Connection.<init>(JDBC4Connection.java:47)
	at sun.reflect.NativeConstructorAccessorImpl.newInstance0(Native Method)
	at sun.reflect.NativeConstructorAccessorImpl.newInstance(NativeConstructorAccessorImpl.java:57)
	at sun.reflect.DelegatingConstructorAccessorImpl.newInstance(DelegatingConstructorAccessorImpl.java:45)
	at java.lang.reflect.Constructor.newInstance(Constructor.java:526)
	at com.mysql.jdbc.Util.handleNewInstance(Util.java:411)
	at com.mysql.jdbc.ConnectionImpl.getInstance(ConnectionImpl.java:404)
	at com.mysql.jdbc.NonRegisteringDriver.connect(NonRegisteringDriver.java:317)
	at java.sql.DriverManager.getConnection(DriverManager.java:571)
	at java.sql.DriverManager.getConnection(DriverManager.java:187)
	at org.hibernate.connection.DriverManagerConnectionProvider.getConnection(DriverManagerConnectionProvider.java:110)
	at org.hibernate.cfg.SettingsFactory.buildSettings(SettingsFactory.java:84)
	at org.hibernate.cfg.Configuration.buildSettings(Configuration.java:2009)
	at org.hibernate.cfg.Configuration.buildSessionFactory(Configuration.java:1292)
	at org.hibernate.cfg.AnnotationConfiguration.buildSessionFactory(AnnotationConfiguration.java:915)
	at org.ccs.openmrs.migracao.connection.hibernateConection.<clinit>(hibernateConection.java:47)
	at org.ccs.openmrs.migracao.entidadesHibernate.ExportDao.PackageDrugInfoExportDao.openCurrentSession(PackageDrugInfoExportDao.java:25)
	at org.ccs.openmrs.migracao.entidadesHibernate.ExportDispense.PackageDrugInfoExportService.findAll(PackageDrugInfoExportService.java:54)
	at org.ccs.openmrs.migracao.swingreverse.Task1.doInBackground(Task1.java:91)
	at org.ccs.openmrs.migracao.swingreverse.Task1.doInBackground(Task1.java:46)
	at javax.swing.SwingWorker$1.call(SwingWorker.java:296)
	at java.util.concurrent.FutureTask.run(FutureTask.java:262)
	at javax.swing.SwingWorker.run(SwingWorker.java:335)
	at java.util.concurrent.ThreadPoolExecutor.runWorker(ThreadPoolExecutor.java:1145)
	at java.util.concurrent.ThreadPoolExecutor$Worker.run(ThreadPoolExecutor.java:615)
	at java.lang.Thread.run(Thread.java:745)
Caused by: java.net.ConnectException: Connection refused: connect
	at java.net.DualStackPlainSocketImpl.connect0(Native Method)
	at java.net.DualStackPlainSocketImpl.socketConnect(DualStackPlainSocketImpl.java:79)
	at java.net.AbstractPlainSocketImpl.doConnect(AbstractPlainSocketImpl.java:339)
	at java.net.AbstractPlainSocketImpl.connectToAddress(AbstractPlainSocketImpl.java:200)
	at java.net.AbstractPlainSocketImpl.connect(AbstractPlainSocketImpl.java:182)
	at java.net.PlainSocketImpl.connect(PlainSocketImpl.java:172)
	at java.net.SocksSocketImpl.connect(SocksSocketImpl.java:392)
	at java.net.Socket.connect(Socket.java:579)
	at java.net.Socket.connect(Socket.java:528)
	at java.net.Socket.<init>(Socket.java:425)
	at java.net.Socket.<init>(Socket.java:241)
	at com.mysql.jdbc.StandardSocketFactory.connect(StandardSocketFactory.java:259)
	at com.mysql.jdbc.MysqlIO.<init>(MysqlIO.java:305)
	... 30 more
11-05-2017 13:52:30 [SwingWorker-pool-3-thread-1] WARN  ate.util.JDBCExceptionReporter - SQL Error: 0, SQLState: 08S01
11-05-2017 13:52:30 [SwingWorker-pool-3-thread-1] ERROR ate.util.JDBCExceptionReporter - Communications link failure

The last packet sent successfully to the server was 0 milliseconds ago. The driver has not received any packets from the server.
11-05-2017 13:56:02 [main] INFO  idart.database.dao.ConexaoJDBC - Conectando ao banco de dados
URL = jdbc:postgresql://192.168.10.116:5432/pharm
11-05-2017 13:56:02 [main] INFO  idart.database.dao.ConexaoJDBC - Conectado...Criando a declaração
11-05-2017 13:56:02 [main] INFO  idart.database.dao.ConexaoJDBC - Conectando ao banco de dados
URL = jdbc:postgresql://192.168.10.116:5432/pharm
11-05-2017 13:56:02 [main] INFO  idart.database.dao.ConexaoJDBC - Conectado...Criando a declaração
11-05-2017 13:56:12 [SwingWorker-pool-3-thread-1] ERROR       org.hibernate.hql.PARSER - line 1:128: unexpected token: limit
11-05-2017 14:00:55 [main] DEBUG celllife.idart.misc.LoginTimer - Terminating iDART - TIMER EXPIRED
11-05-2017 14:00:55 [main] DEBUG dart.start.PharmacyApplication - Logged out..
11-05-2017 14:00:55 [main] DEBUG celllife.idart.gui.login.Login - Login Form Created
11-05-2017 14:00:58 [main] DEBUG celllife.idart.misc.LoginTimer - Terminating iDART - TIMER EXPIRED
11-05-2017 14:00:58 [main] DEBUG dart.start.PharmacyApplication - Logged out..
11-05-2017 14:00:58 [main] DEBUG celllife.idart.gui.login.Login - Login Form Created
11-05-2017 14:01:23 [main] INFO  idart.database.dao.ConexaoJDBC - Conectando ao banco de dados
URL = jdbc:postgresql://192.168.10.116:5432/pharm
11-05-2017 14:01:23 [main] INFO  idart.database.dao.ConexaoJDBC - Conectado...Criando a declaração
11-05-2017 14:01:23 [main] INFO  idart.database.dao.ConexaoJDBC - Conectando ao banco de dados
URL = jdbc:postgresql://192.168.10.116:5432/pharm
11-05-2017 14:01:23 [main] INFO  idart.database.dao.ConexaoJDBC - Conectado...Criando a declaração
11-05-2017 14:10:41 [SwingWorker-pool-3-thread-1] ERROR       org.hibernate.hql.PARSER - line 1:128: unexpected token: limit
11-05-2017 14:12:52 [main] INFO  idart.database.dao.ConexaoJDBC - Conectando ao banco de dados
URL = jdbc:postgresql://192.168.10.116:5432/pharm
11-05-2017 14:12:52 [main] INFO  idart.database.dao.ConexaoJDBC - Conectado...Criando a declaração
11-05-2017 14:12:52 [main] INFO  idart.database.dao.ConexaoJDBC - Conectando ao banco de dados
URL = jdbc:postgresql://192.168.10.116:5432/pharm
11-05-2017 14:12:52 [main] INFO  idart.database.dao.ConexaoJDBC - Conectado...Criando a declaração
11-05-2017 14:26:53 [main] DEBUG celllife.idart.misc.LoginTimer - Terminating iDART - TIMER EXPIRED
11-05-2017 14:26:53 [main] DEBUG dart.start.PharmacyApplication - Logged out..
11-05-2017 14:26:53 [main] DEBUG celllife.idart.gui.login.Login - Login Form Created
11-05-2017 14:27:31 [SwingWorker-pool-3-thread-1] ERROR       org.hibernate.hql.PARSER - line 1:128: unexpected token: limit
11-05-2017 14:27:46 [SwingWorker-pool-3-thread-1] ERROR te.LazyInitializationException - failed to lazily initialize a collection of role: org.ccs.openmrs.migracao.entidades.VisitType.visitList, no session or session was closed
org.hibernate.LazyInitializationException: failed to lazily initialize a collection of role: org.ccs.openmrs.migracao.entidades.VisitType.visitList, no session or session was closed
	at org.hibernate.collection.AbstractPersistentCollection.throwLazyInitializationException(AbstractPersistentCollection.java:358)
	at org.hibernate.collection.AbstractPersistentCollection.throwLazyInitializationExceptionIfNotConnected(AbstractPersistentCollection.java:350)
	at org.hibernate.collection.AbstractPersistentCollection.readSize(AbstractPersistentCollection.java:97)
	at org.hibernate.collection.PersistentBag.size(PersistentBag.java:225)
	at org.ccs.openmrs.migracao.swingreverse.Task1.doInBackground(Task1.java:182)
	at org.ccs.openmrs.migracao.swingreverse.Task1.doInBackground(Task1.java:46)
	at javax.swing.SwingWorker$1.call(SwingWorker.java:296)
	at java.util.concurrent.FutureTask.run(FutureTask.java:262)
	at javax.swing.SwingWorker.run(SwingWorker.java:335)
	at java.util.concurrent.ThreadPoolExecutor.runWorker(ThreadPoolExecutor.java:1145)
	at java.util.concurrent.ThreadPoolExecutor$Worker.run(ThreadPoolExecutor.java:615)
	at java.lang.Thread.run(Thread.java:745)
11-05-2017 14:27:50 [SwingWorker-pool-3-thread-1] ERROR te.LazyInitializationException - failed to lazily initialize a collection of role: org.ccs.openmrs.migracao.entidades.VisitType.visitList, no session or session was closed
org.hibernate.LazyInitializationException: failed to lazily initialize a collection of role: org.ccs.openmrs.migracao.entidades.VisitType.visitList, no session or session was closed
	at org.hibernate.collection.AbstractPersistentCollection.throwLazyInitializationException(AbstractPersistentCollection.java:358)
	at org.hibernate.collection.AbstractPersistentCollection.throwLazyInitializationExceptionIfNotConnected(AbstractPersistentCollection.java:350)
	at org.hibernate.collection.AbstractPersistentCollection.initialize(AbstractPersistentCollection.java:343)
	at org.hibernate.collection.AbstractPersistentCollection.read(AbstractPersistentCollection.java:86)
	at org.hibernate.collection.PersistentBag.toArray(PersistentBag.java:257)
	at org.ccs.openmrs.migracao.swingreverse.Task1.doInBackground(Task1.java:182)
	at org.ccs.openmrs.migracao.swingreverse.Task1.doInBackground(Task1.java:46)
	at javax.swing.SwingWorker$1.call(SwingWorker.java:296)
	at java.util.concurrent.FutureTask.run(FutureTask.java:262)
	at javax.swing.SwingWorker.run(SwingWorker.java:335)
	at java.util.concurrent.ThreadPoolExecutor.runWorker(ThreadPoolExecutor.java:1145)
	at java.util.concurrent.ThreadPoolExecutor$Worker.run(ThreadPoolExecutor.java:615)
	at java.lang.Thread.run(Thread.java:745)
11-05-2017 14:28:35 [main] INFO  idart.database.dao.ConexaoJDBC - Conectando ao banco de dados
URL = jdbc:postgresql://192.168.10.116:5432/pharm
11-05-2017 14:28:35 [main] INFO  idart.database.dao.ConexaoJDBC - Conectado...Criando a declaração
11-05-2017 14:28:36 [main] INFO  idart.database.dao.ConexaoJDBC - Conectando ao banco de dados
URL = jdbc:postgresql://192.168.10.116:5432/pharm
11-05-2017 14:28:36 [main] INFO  idart.database.dao.ConexaoJDBC - Conectado...Criando a declaração
11-05-2017 14:28:45 [main] INFO  dart.start.PharmacyApplication - 
11-05-2017 14:28:45 [main] INFO  dart.start.PharmacyApplication - *********************
11-05-2017 14:28:45 [main] INFO  dart.start.PharmacyApplication - iDART @IDART.VERSION.SHORT@ exited
11-05-2017 14:28:45 [main] INFO  dart.start.PharmacyApplication - *********************
11-05-2017 14:28:45 [main] INFO  dart.start.PharmacyApplication - 
11-05-2017 14:28:45 [main] DEBUG celllife.idart.misc.LoginTimer - Terminating iDART - TIMER EXPIRED
11-05-2017 14:28:45 [main] DEBUG dart.start.PharmacyApplication - Logged out..
11-05-2017 14:28:45 [main] DEBUG celllife.idart.gui.login.Login - Login Form Created
11-05-2017 14:29:15 [main] INFO  idart.database.dao.ConexaoJDBC - Conectando ao banco de dados
URL = jdbc:postgresql://192.168.10.116:5432/pharm
11-05-2017 14:29:15 [main] INFO  idart.database.dao.ConexaoJDBC - Conectado...Criando a declaração
11-05-2017 14:29:15 [main] INFO  idart.database.dao.ConexaoJDBC - Conectando ao banco de dados
URL = jdbc:postgresql://192.168.10.116:5432/pharm
11-05-2017 14:29:15 [main] INFO  idart.database.dao.ConexaoJDBC - Conectado...Criando a declaração
11-05-2017 14:29:27 [SwingWorker-pool-3-thread-1] ERROR       org.hibernate.hql.PARSER - line 1:128: unexpected token: limit
11-05-2017 14:30:23 [main] INFO  idart.database.dao.ConexaoJDBC - Conectando ao banco de dados
URL = jdbc:postgresql://192.168.10.116:5432/pharm
11-05-2017 14:30:23 [main] INFO  idart.database.dao.ConexaoJDBC - Conectado...Criando a declaração
11-05-2017 14:30:23 [main] INFO  idart.database.dao.ConexaoJDBC - Conectando ao banco de dados
URL = jdbc:postgresql://192.168.10.116:5432/pharm
11-05-2017 14:30:23 [main] INFO  idart.database.dao.ConexaoJDBC - Conectado...Criando a declaração
11-05-2017 14:30:47 [SwingWorker-pool-3-thread-1] ERROR       org.hibernate.hql.PARSER - line 1:128: unexpected token: limit
11-05-2017 14:33:36 [main] INFO  idart.database.dao.ConexaoJDBC - Conectando ao banco de dados
URL = jdbc:postgresql://192.168.10.116:5432/pharm
11-05-2017 14:33:36 [main] INFO  idart.database.dao.ConexaoJDBC - Conectado...Criando a declaração
11-05-2017 14:33:36 [main] INFO  idart.database.dao.ConexaoJDBC - Conectando ao banco de dados
URL = jdbc:postgresql://192.168.10.116:5432/pharm
11-05-2017 14:33:36 [main] INFO  idart.database.dao.ConexaoJDBC - Conectado...Criando a declaração
11-05-2017 14:33:37 [main] INFO  .gui.generalAdmin.GeneralAdmin - GeneralAdmin: Initializing the GUI
11-05-2017 14:35:26 [SwingWorker-pool-3-thread-1] ERROR       org.hibernate.hql.PARSER - line 1:112: unexpected token: limit
11-05-2017 14:39:42 [main] INFO  idart.database.dao.ConexaoJDBC - Conectando ao banco de dados
URL = jdbc:postgresql://192.168.10.116:5432/pharm
11-05-2017 14:39:42 [main] INFO  idart.database.dao.ConexaoJDBC - Conectado...Criando a declaração
11-05-2017 14:39:42 [main] INFO  idart.database.dao.ConexaoJDBC - Conectando ao banco de dados
URL = jdbc:postgresql://192.168.10.116:5432/pharm
11-05-2017 14:39:42 [main] INFO  idart.database.dao.ConexaoJDBC - Conectado...Criando a declaração
11-05-2017 14:40:28 [main] DEBUG celllife.idart.misc.LoginTimer - Terminating iDART - TIMER EXPIRED
11-05-2017 14:40:28 [main] DEBUG dart.start.PharmacyApplication - Logged out..
11-05-2017 14:40:28 [main] DEBUG celllife.idart.gui.login.Login - Login Form Created
11-05-2017 14:41:57 [main] INFO  idart.database.dao.ConexaoJDBC - Conectando ao banco de dados
URL = jdbc:postgresql://192.168.10.116:5432/pharm
11-05-2017 14:41:57 [main] INFO  idart.database.dao.ConexaoJDBC - Conectado...Criando a declaração
11-05-2017 14:41:57 [main] INFO  idart.database.dao.ConexaoJDBC - Conectando ao banco de dados
URL = jdbc:postgresql://192.168.10.116:5432/pharm
11-05-2017 14:41:57 [main] INFO  idart.database.dao.ConexaoJDBC - Conectado...Criando a declaração
11-05-2017 14:42:09 [main] INFO  t.gui.composite.PillCountTable - Creating PillCountTable
11-05-2017 14:45:02 [main] DEBUG celllife.idart.misc.LoginTimer - Terminating iDART - TIMER EXPIRED
11-05-2017 14:45:02 [main] DEBUG dart.start.PharmacyApplication - Logged out..
11-05-2017 14:45:02 [main] DEBUG celllife.idart.gui.login.Login - Login Form Created
11-05-2017 14:45:24 [main] INFO  idart.database.dao.ConexaoJDBC - Conectando ao banco de dados
URL = jdbc:postgresql://192.168.10.116:5432/pharm
11-05-2017 14:45:24 [main] INFO  idart.database.dao.ConexaoJDBC - Conectado...Criando a declaração
11-05-2017 14:45:24 [main] INFO  idart.database.dao.ConexaoJDBC - Conectando ao banco de dados
URL = jdbc:postgresql://192.168.10.116:5432/pharm
11-05-2017 14:45:24 [main] INFO  idart.database.dao.ConexaoJDBC - Conectado...Criando a declaração
11-05-2017 14:47:16 [SwingWorker-pool-3-thread-1] ERROR te.LazyInitializationException - failed to lazily initialize a collection of role: org.ccs.openmrs.migracao.entidades.Patient.patientIdentifierList, no session or session was closed
org.hibernate.LazyInitializationException: failed to lazily initialize a collection of role: org.ccs.openmrs.migracao.entidades.Patient.patientIdentifierList, no session or session was closed
	at org.hibernate.collection.AbstractPersistentCollection.throwLazyInitializationException(AbstractPersistentCollection.java:358)
	at org.hibernate.collection.AbstractPersistentCollection.throwLazyInitializationExceptionIfNotConnected(AbstractPersistentCollection.java:350)
	at org.hibernate.collection.AbstractPersistentCollection.readSize(AbstractPersistentCollection.java:97)
	at org.hibernate.collection.PersistentBag.size(PersistentBag.java:225)
	at org.ccs.openmrs.migracao.swingreverse.Task1.doInBackground(Task1.java:161)
	at org.ccs.openmrs.migracao.swingreverse.Task1.doInBackground(Task1.java:46)
	at javax.swing.SwingWorker$1.call(SwingWorker.java:296)
	at java.util.concurrent.FutureTask.run(FutureTask.java:262)
	at javax.swing.SwingWorker.run(SwingWorker.java:335)
	at java.util.concurrent.ThreadPoolExecutor.runWorker(ThreadPoolExecutor.java:1145)
	at java.util.concurrent.ThreadPoolExecutor$Worker.run(ThreadPoolExecutor.java:615)
	at java.lang.Thread.run(Thread.java:745)
11-05-2017 14:47:16 [SwingWorker-pool-3-thread-1] ERROR te.LazyInitializationException - failed to lazily initialize a collection of role: org.ccs.openmrs.migracao.entidades.Patient.encounterList, no session or session was closed
org.hibernate.LazyInitializationException: failed to lazily initialize a collection of role: org.ccs.openmrs.migracao.entidades.Patient.encounterList, no session or session was closed
	at org.hibernate.collection.AbstractPersistentCollection.throwLazyInitializationException(AbstractPersistentCollection.java:358)
	at org.hibernate.collection.AbstractPersistentCollection.throwLazyInitializationExceptionIfNotConnected(AbstractPersistentCollection.java:350)
	at org.hibernate.collection.AbstractPersistentCollection.readSize(AbstractPersistentCollection.java:97)
	at org.hibernate.collection.PersistentBag.size(PersistentBag.java:225)
	at org.ccs.openmrs.migracao.swingreverse.Task1.doInBackground(Task1.java:161)
	at org.ccs.openmrs.migracao.swingreverse.Task1.doInBackground(Task1.java:46)
	at javax.swing.SwingWorker$1.call(SwingWorker.java:296)
	at java.util.concurrent.FutureTask.run(FutureTask.java:262)
	at javax.swing.SwingWorker.run(SwingWorker.java:335)
	at java.util.concurrent.ThreadPoolExecutor.runWorker(ThreadPoolExecutor.java:1145)
	at java.util.concurrent.ThreadPoolExecutor$Worker.run(ThreadPoolExecutor.java:615)
	at java.lang.Thread.run(Thread.java:745)
11-05-2017 14:47:16 [SwingWorker-pool-3-thread-1] ERROR te.LazyInitializationException - failed to lazily initialize a collection of role: org.ccs.openmrs.migracao.entidades.Patient.patientProgramCollection, no session or session was closed
org.hibernate.LazyInitializationException: failed to lazily initialize a collection of role: org.ccs.openmrs.migracao.entidades.Patient.patientProgramCollection, no session or session was closed
	at org.hibernate.collection.AbstractPersistentCollection.throwLazyInitializationException(AbstractPersistentCollection.java:358)
	at org.hibernate.collection.AbstractPersistentCollection.throwLazyInitializationExceptionIfNotConnected(AbstractPersistentCollection.java:350)
	at org.hibernate.collection.AbstractPersistentCollection.readSize(AbstractPersistentCollection.java:97)
	at org.hibernate.collection.PersistentBag.size(PersistentBag.java:225)
	at org.ccs.openmrs.migracao.swingreverse.Task1.doInBackground(Task1.java:161)
	at org.ccs.openmrs.migracao.swingreverse.Task1.doInBackground(Task1.java:46)
	at javax.swing.SwingWorker$1.call(SwingWorker.java:296)
	at java.util.concurrent.FutureTask.run(FutureTask.java:262)
	at javax.swing.SwingWorker.run(SwingWorker.java:335)
	at java.util.concurrent.ThreadPoolExecutor.runWorker(ThreadPoolExecutor.java:1145)
	at java.util.concurrent.ThreadPoolExecutor$Worker.run(ThreadPoolExecutor.java:615)
	at java.lang.Thread.run(Thread.java:745)
11-05-2017 14:47:16 [SwingWorker-pool-3-thread-1] ERROR te.LazyInitializationException - failed to lazily initialize a collection of role: org.ccs.openmrs.migracao.entidades.Patient.ordersList, no session or session was closed
org.hibernate.LazyInitializationException: failed to lazily initialize a collection of role: org.ccs.openmrs.migracao.entidades.Patient.ordersList, no session or session was closed
	at org.hibernate.collection.AbstractPersistentCollection.throwLazyInitializationException(AbstractPersistentCollection.java:358)
	at org.hibernate.collection.AbstractPersistentCollection.throwLazyInitializationExceptionIfNotConnected(AbstractPersistentCollection.java:350)
	at org.hibernate.collection.AbstractPersistentCollection.readSize(AbstractPersistentCollection.java:97)
	at org.hibernate.collection.PersistentBag.size(PersistentBag.java:225)
	at org.ccs.openmrs.migracao.swingreverse.Task1.doInBackground(Task1.java:161)
	at org.ccs.openmrs.migracao.swingreverse.Task1.doInBackground(Task1.java:46)
	at javax.swing.SwingWorker$1.call(SwingWorker.java:296)
	at java.util.concurrent.FutureTask.run(FutureTask.java:262)
	at javax.swing.SwingWorker.run(SwingWorker.java:335)
	at java.util.concurrent.ThreadPoolExecutor.runWorker(ThreadPoolExecutor.java:1145)
	at java.util.concurrent.ThreadPoolExecutor$Worker.run(ThreadPoolExecutor.java:615)
	at java.lang.Thread.run(Thread.java:745)
11-05-2017 14:47:16 [SwingWorker-pool-3-thread-1] ERROR te.LazyInitializationException - failed to lazily initialize a collection of role: org.ccs.openmrs.migracao.entidades.Patient.visitList, no session or session was closed
org.hibernate.LazyInitializationException: failed to lazily initialize a collection of role: org.ccs.openmrs.migracao.entidades.Patient.visitList, no session or session was closed
	at org.hibernate.collection.AbstractPersistentCollection.throwLazyInitializationException(AbstractPersistentCollection.java:358)
	at org.hibernate.collection.AbstractPersistentCollection.throwLazyInitializationExceptionIfNotConnected(AbstractPersistentCollection.java:350)
	at org.hibernate.collection.AbstractPersistentCollection.readSize(AbstractPersistentCollection.java:97)
	at org.hibernate.collection.PersistentBag.size(PersistentBag.java:225)
	at org.ccs.openmrs.migracao.swingreverse.Task1.doInBackground(Task1.java:161)
	at org.ccs.openmrs.migracao.swingreverse.Task1.doInBackground(Task1.java:46)
	at javax.swing.SwingWorker$1.call(SwingWorker.java:296)
	at java.util.concurrent.FutureTask.run(FutureTask.java:262)
	at javax.swing.SwingWorker.run(SwingWorker.java:335)
	at java.util.concurrent.ThreadPoolExecutor.runWorker(ThreadPoolExecutor.java:1145)
	at java.util.concurrent.ThreadPoolExecutor$Worker.run(ThreadPoolExecutor.java:615)
	at java.lang.Thread.run(Thread.java:745)
11-05-2017 14:52:59 [main] INFO  idart.database.dao.ConexaoJDBC - Conectando ao banco de dados
URL = jdbc:postgresql://192.168.10.116:5432/pharm
11-05-2017 14:52:59 [main] INFO  idart.database.dao.ConexaoJDBC - Conectado...Criando a declaração
11-05-2017 14:52:59 [main] INFO  idart.database.dao.ConexaoJDBC - Conectando ao banco de dados
URL = jdbc:postgresql://192.168.10.116:5432/pharm
11-05-2017 14:52:59 [main] INFO  idart.database.dao.ConexaoJDBC - Conectado...Criando a declaração
11-05-2017 14:53:19 [main] INFO  t.gui.composite.PillCountTable - Creating PillCountTable
11-05-2017 15:00:56 [main] INFO  idart.database.dao.ConexaoJDBC - Conectando ao banco de dados
URL = jdbc:postgresql://192.168.10.116:5432/pharm
11-05-2017 15:00:56 [main] INFO  idart.database.dao.ConexaoJDBC - Conectado...Criando a declaração
11-05-2017 15:00:56 [main] INFO  idart.database.dao.ConexaoJDBC - Conectando ao banco de dados
URL = jdbc:postgresql://192.168.10.116:5432/pharm
11-05-2017 15:00:56 [main] INFO  idart.database.dao.ConexaoJDBC - Conectado...Criando a declaração
11-05-2017 15:04:11 [main] INFO  idart.database.dao.ConexaoJDBC - Conectando ao banco de dados
URL = jdbc:postgresql://192.168.10.116:5432/pharm
11-05-2017 15:04:11 [main] INFO  idart.database.dao.ConexaoJDBC - Conectado...Criando a declaração
11-05-2017 15:04:11 [main] INFO  idart.database.dao.ConexaoJDBC - Conectando ao banco de dados
URL = jdbc:postgresql://192.168.10.116:5432/pharm
11-05-2017 15:04:11 [main] INFO  idart.database.dao.ConexaoJDBC - Conectado...Criando a declaração
11-05-2017 15:18:53 [main] DEBUG celllife.idart.misc.LoginTimer - Terminating iDART - TIMER EXPIRED
11-05-2017 15:18:53 [main] DEBUG dart.start.PharmacyApplication - Logged out..
11-05-2017 15:18:53 [main] DEBUG celllife.idart.gui.login.Login - Login Form Created
11-05-2017 15:27:39 [main] INFO  idart.database.dao.ConexaoJDBC - Conectando ao banco de dados
URL = jdbc:postgresql://192.168.10.116:5432/pharm
11-05-2017 15:27:39 [main] INFO  idart.database.dao.ConexaoJDBC - Conectado...Criando a declaração
11-05-2017 15:27:39 [main] INFO  idart.database.dao.ConexaoJDBC - Conectando ao banco de dados
URL = jdbc:postgresql://192.168.10.116:5432/pharm
11-05-2017 15:27:39 [main] INFO  idart.database.dao.ConexaoJDBC - Conectado...Criando a declaração
11-05-2017 15:28:37 [main] INFO  idart.database.dao.ConexaoJDBC - Conectando ao banco de dados
URL = jdbc:postgresql://192.168.10.116:5432/pharm
11-05-2017 15:28:37 [main] INFO  idart.database.dao.ConexaoJDBC - Conectado...Criando a declaração
11-05-2017 15:28:37 [main] INFO  idart.database.dao.ConexaoJDBC - Conectando ao banco de dados
URL = jdbc:postgresql://192.168.10.116:5432/pharm
11-05-2017 15:28:37 [main] INFO  idart.database.dao.ConexaoJDBC - Conectado...Criando a declaração
11-05-2017 15:28:37 [main] INFO  idart.database.dao.ConexaoJDBC - Conectando ao banco de dados
URL = jdbc:postgresql://192.168.10.116:5432/pharm
11-05-2017 15:28:37 [main] INFO  idart.database.dao.ConexaoJDBC - Conectado...Criando a declaração
11-05-2017 15:28:37 [main] INFO  idart.database.dao.ConexaoJDBC - Conectando ao banco de dados
URL = jdbc:postgresql://192.168.10.116:5432/pharm
11-05-2017 15:28:37 [main] INFO  idart.database.dao.ConexaoJDBC - Conectado...Criando a declaração
11-05-2017 15:28:37 [main] INFO  idart.database.dao.ConexaoJDBC - Conectando ao banco de dados
URL = jdbc:postgresql://192.168.10.116:5432/pharm
11-05-2017 15:28:37 [main] INFO  idart.database.dao.ConexaoJDBC - Conectado...Criando a declaração
11-05-2017 15:36:33 [main] DEBUG celllife.idart.misc.LoginTimer - Terminating iDART - TIMER EXPIRED
11-05-2017 15:36:33 [main] DEBUG dart.start.PharmacyApplication - Logged out..
11-05-2017 15:36:33 [main] DEBUG celllife.idart.gui.login.Login - Login Form Created
11-05-2017 15:42:46 [main] INFO  idart.database.dao.ConexaoJDBC - Conectando ao banco de dados
URL = jdbc:postgresql://192.168.10.116:5432/pharm
11-05-2017 15:42:46 [main] INFO  idart.database.dao.ConexaoJDBC - Conectado...Criando a declaração
11-05-2017 15:42:46 [main] INFO  idart.database.dao.ConexaoJDBC - Conectando ao banco de dados
URL = jdbc:postgresql://192.168.10.116:5432/pharm
11-05-2017 15:42:46 [main] INFO  idart.database.dao.ConexaoJDBC - Conectado...Criando a declaração
11-05-2017 15:43:40 [SwingWorker-pool-3-thread-1] ERROR te.LazyInitializationException - failed to lazily initialize a collection of role: org.celllife.idart.database.hibernate.Patient.attributes, no session or session was closed
org.hibernate.LazyInitializationException: failed to lazily initialize a collection of role: org.celllife.idart.database.hibernate.Patient.attributes, no session or session was closed
	at org.hibernate.collection.AbstractPersistentCollection.throwLazyInitializationException(AbstractPersistentCollection.java:358)
	at org.hibernate.collection.AbstractPersistentCollection.throwLazyInitializationExceptionIfNotConnected(AbstractPersistentCollection.java:350)
	at org.hibernate.collection.AbstractPersistentCollection.readSize(AbstractPersistentCollection.java:97)
	at org.hibernate.collection.PersistentSet.size(PersistentSet.java:139)
	at org.ccs.openmrs.migracao.swingreverse.ExportData.InsereObs(ExportData.java:161)
	at org.ccs.openmrs.migracao.swingreverse.Task1.doInBackground(Task1.java:166)
	at org.ccs.openmrs.migracao.swingreverse.Task1.doInBackground(Task1.java:46)
	at javax.swing.SwingWorker$1.call(SwingWorker.java:296)
	at java.util.concurrent.FutureTask.run(FutureTask.java:262)
	at javax.swing.SwingWorker.run(SwingWorker.java:335)
	at java.util.concurrent.ThreadPoolExecutor.runWorker(ThreadPoolExecutor.java:1145)
	at java.util.concurrent.ThreadPoolExecutor$Worker.run(ThreadPoolExecutor.java:615)
	at java.lang.Thread.run(Thread.java:745)
11-05-2017 15:43:40 [SwingWorker-pool-3-thread-1] ERROR te.LazyInitializationException - failed to lazily initialize a collection of role: org.celllife.idart.database.hibernate.Patient.alternateIdentifiers, no session or session was closed
org.hibernate.LazyInitializationException: failed to lazily initialize a collection of role: org.celllife.idart.database.hibernate.Patient.alternateIdentifiers, no session or session was closed
	at org.hibernate.collection.AbstractPersistentCollection.throwLazyInitializationException(AbstractPersistentCollection.java:358)
	at org.hibernate.collection.AbstractPersistentCollection.throwLazyInitializationExceptionIfNotConnected(AbstractPersistentCollection.java:350)
	at org.hibernate.collection.AbstractPersistentCollection.readSize(AbstractPersistentCollection.java:97)
	at org.hibernate.collection.PersistentSet.size(PersistentSet.java:139)
	at org.ccs.openmrs.migracao.swingreverse.ExportData.InsereObs(ExportData.java:161)
	at org.ccs.openmrs.migracao.swingreverse.Task1.doInBackground(Task1.java:166)
	at org.ccs.openmrs.migracao.swingreverse.Task1.doInBackground(Task1.java:46)
	at javax.swing.SwingWorker$1.call(SwingWorker.java:296)
	at java.util.concurrent.FutureTask.run(FutureTask.java:262)
	at javax.swing.SwingWorker.run(SwingWorker.java:335)
	at java.util.concurrent.ThreadPoolExecutor.runWorker(ThreadPoolExecutor.java:1145)
	at java.util.concurrent.ThreadPoolExecutor$Worker.run(ThreadPoolExecutor.java:615)
	at java.lang.Thread.run(Thread.java:745)
11-05-2017 15:43:40 [SwingWorker-pool-3-thread-1] ERROR te.LazyInitializationException - failed to lazily initialize a collection of role: org.celllife.idart.database.hibernate.Patient.appointments, no session or session was closed
org.hibernate.LazyInitializationException: failed to lazily initialize a collection of role: org.celllife.idart.database.hibernate.Patient.appointments, no session or session was closed
	at org.hibernate.collection.AbstractPersistentCollection.throwLazyInitializationException(AbstractPersistentCollection.java:358)
	at org.hibernate.collection.AbstractPersistentCollection.throwLazyInitializationExceptionIfNotConnected(AbstractPersistentCollection.java:350)
	at org.hibernate.collection.AbstractPersistentCollection.readSize(AbstractPersistentCollection.java:97)
	at org.hibernate.collection.PersistentSet.size(PersistentSet.java:139)
	at org.ccs.openmrs.migracao.swingreverse.ExportData.InsereObs(ExportData.java:161)
	at org.ccs.openmrs.migracao.swingreverse.Task1.doInBackground(Task1.java:166)
	at org.ccs.openmrs.migracao.swingreverse.Task1.doInBackground(Task1.java:46)
	at javax.swing.SwingWorker$1.call(SwingWorker.java:296)
	at java.util.concurrent.FutureTask.run(FutureTask.java:262)
	at javax.swing.SwingWorker.run(SwingWorker.java:335)
	at java.util.concurrent.ThreadPoolExecutor.runWorker(ThreadPoolExecutor.java:1145)
	at java.util.concurrent.ThreadPoolExecutor$Worker.run(ThreadPoolExecutor.java:615)
	at java.lang.Thread.run(Thread.java:745)
11-05-2017 15:43:40 [SwingWorker-pool-3-thread-1] ERROR te.LazyInitializationException - failed to lazily initialize a collection of role: org.celllife.idart.database.hibernate.Patient.episodes, no session or session was closed
org.hibernate.LazyInitializationException: failed to lazily initialize a collection of role: org.celllife.idart.database.hibernate.Patient.episodes, no session or session was closed
	at org.hibernate.collection.AbstractPersistentCollection.throwLazyInitializationException(AbstractPersistentCollection.java:358)
	at org.hibernate.collection.AbstractPersistentCollection.throwLazyInitializationExceptionIfNotConnected(AbstractPersistentCollection.java:350)
	at org.hibernate.collection.AbstractPersistentCollection.readSize(AbstractPersistentCollection.java:97)
	at org.hibernate.collection.PersistentList.size(PersistentList.java:91)
	at org.ccs.openmrs.migracao.swingreverse.ExportData.InsereObs(ExportData.java:161)
	at org.ccs.openmrs.migracao.swingreverse.Task1.doInBackground(Task1.java:166)
	at org.ccs.openmrs.migracao.swingreverse.Task1.doInBackground(Task1.java:46)
	at javax.swing.SwingWorker$1.call(SwingWorker.java:296)
	at java.util.concurrent.FutureTask.run(FutureTask.java:262)
	at javax.swing.SwingWorker.run(SwingWorker.java:335)
	at java.util.concurrent.ThreadPoolExecutor.runWorker(ThreadPoolExecutor.java:1145)
	at java.util.concurrent.ThreadPoolExecutor$Worker.run(ThreadPoolExecutor.java:615)
	at java.lang.Thread.run(Thread.java:745)
11-05-2017 15:53:25 [main] INFO  idart.database.dao.ConexaoJDBC - Conectando ao banco de dados
URL = jdbc:postgresql://192.168.10.116:5432/pharm
11-05-2017 15:53:25 [main] INFO  idart.database.dao.ConexaoJDBC - Conectado...Criando a declaração
11-05-2017 15:53:25 [main] INFO  idart.database.dao.ConexaoJDBC - Conectando ao banco de dados
URL = jdbc:postgresql://192.168.10.116:5432/pharm
11-05-2017 15:53:25 [main] INFO  idart.database.dao.ConexaoJDBC - Conectado...Criando a declaração
11-05-2017 15:59:46 [main] INFO  idart.database.dao.ConexaoJDBC - Conectando ao banco de dados
URL = jdbc:postgresql://192.168.10.116:5432/pharm
11-05-2017 15:59:46 [main] INFO  idart.database.dao.ConexaoJDBC - Conectado...Criando a declaração
11-05-2017 15:59:46 [main] INFO  idart.database.dao.ConexaoJDBC - Conectando ao banco de dados
URL = jdbc:postgresql://192.168.10.116:5432/pharm
11-05-2017 15:59:46 [main] INFO  idart.database.dao.ConexaoJDBC - Conectado...Criando a declaração
11-05-2017 15:59:48 [main] INFO  .gui.generalAdmin.GeneralAdmin - GeneralAdmin: Initializing the GUI
11-05-2017 16:01:30 [main] INFO  idart.database.dao.ConexaoJDBC - Conectando ao banco de dados
URL = jdbc:postgresql://192.168.10.116:5432/pharm
11-05-2017 16:01:30 [main] INFO  idart.database.dao.ConexaoJDBC - Conectado...Criando a declaração
11-05-2017 16:01:30 [main] INFO  idart.database.dao.ConexaoJDBC - Conectando ao banco de dados
URL = jdbc:postgresql://192.168.10.116:5432/pharm
11-05-2017 16:01:30 [main] INFO  idart.database.dao.ConexaoJDBC - Conectado...Criando a declaração
11-05-2017 16:01:55 [main] DEBUG celllife.idart.misc.LoginTimer - Terminating iDART - TIMER EXPIRED
11-05-2017 16:01:55 [main] DEBUG dart.start.PharmacyApplication - Logged out..
11-05-2017 16:01:55 [main] DEBUG celllife.idart.gui.login.Login - Login Form Created
11-05-2017 16:03:51 [main] INFO  idart.database.dao.ConexaoJDBC - Conectando ao banco de dados
URL = jdbc:postgresql://192.168.10.116:5432/pharm
11-05-2017 16:03:51 [main] INFO  idart.database.dao.ConexaoJDBC - Conectado...Criando a declaração
11-05-2017 16:03:52 [main] INFO  idart.database.dao.ConexaoJDBC - Conectando ao banco de dados
URL = jdbc:postgresql://192.168.10.116:5432/pharm
11-05-2017 16:03:52 [main] INFO  idart.database.dao.ConexaoJDBC - Conectado...Criando a declaração
11-05-2017 16:04:59 [main] DEBUG celllife.idart.misc.LoginTimer - Terminating iDART - TIMER EXPIRED
11-05-2017 16:04:59 [main] DEBUG dart.start.PharmacyApplication - Logged out..
11-05-2017 16:04:59 [main] DEBUG celllife.idart.gui.login.Login - Login Form Created
11-05-2017 16:07:09 [main] INFO  idart.database.dao.ConexaoJDBC - Conectando ao banco de dados
URL = jdbc:postgresql://192.168.10.116:5432/pharm
11-05-2017 16:07:09 [main] INFO  idart.database.dao.ConexaoJDBC - Conectado...Criando a declaração
11-05-2017 16:07:09 [main] INFO  idart.database.dao.ConexaoJDBC - Conectando ao banco de dados
URL = jdbc:postgresql://192.168.10.116:5432/pharm
11-05-2017 16:07:09 [main] INFO  idart.database.dao.ConexaoJDBC - Conectado...Criando a declaração
11-05-2017 16:07:26 [SwingWorker-pool-3-thread-1] ERROR       org.hibernate.hql.PARSER - line 1:128: unexpected token: limit
11-05-2017 16:07:57 [SwingWorker-pool-3-thread-2] ERROR       org.hibernate.hql.PARSER - line 1:128: unexpected token: limit
11-05-2017 16:07:58 [main] DEBUG celllife.idart.misc.LoginTimer - Terminating iDART - TIMER EXPIRED
11-05-2017 16:07:58 [main] DEBUG dart.start.PharmacyApplication - Logged out..
11-05-2017 16:07:58 [main] DEBUG celllife.idart.gui.login.Login - Login Form Created
11-05-2017 16:09:36 [main] INFO  idart.database.dao.ConexaoJDBC - Conectando ao banco de dados
URL = jdbc:postgresql://192.168.10.116:5432/pharm
11-05-2017 16:09:36 [main] INFO  idart.database.dao.ConexaoJDBC - Conectado...Criando a declaração
11-05-2017 16:09:36 [main] INFO  idart.database.dao.ConexaoJDBC - Conectando ao banco de dados
URL = jdbc:postgresql://192.168.10.116:5432/pharm
11-05-2017 16:09:36 [main] INFO  idart.database.dao.ConexaoJDBC - Conectado...Criando a declaração
11-05-2017 16:09:49 [SwingWorker-pool-3-thread-1] ERROR       org.hibernate.hql.PARSER - line 1:128: unexpected token: limit
11-05-2017 16:16:55 [main] INFO  idart.database.dao.ConexaoJDBC - Conectando ao banco de dados
URL = jdbc:postgresql://192.168.10.116:5432/pharm
11-05-2017 16:16:55 [main] INFO  idart.database.dao.ConexaoJDBC - Conectado...Criando a declaração
11-05-2017 16:16:55 [main] INFO  idart.database.dao.ConexaoJDBC - Conectando ao banco de dados
URL = jdbc:postgresql://192.168.10.116:5432/pharm
11-05-2017 16:16:55 [main] INFO  idart.database.dao.ConexaoJDBC - Conectado...Criando a declaração
11-05-2017 16:18:18 [main] INFO  idart.database.dao.ConexaoJDBC - Conectando ao banco de dados
URL = jdbc:postgresql://192.168.10.116:5432/pharm
11-05-2017 16:18:18 [main] INFO  idart.database.dao.ConexaoJDBC - Conectado...Criando a declaração
11-05-2017 16:18:18 [main] INFO  idart.database.dao.ConexaoJDBC - Conectando ao banco de dados
URL = jdbc:postgresql://192.168.10.116:5432/pharm
11-05-2017 16:18:18 [main] INFO  idart.database.dao.ConexaoJDBC - Conectado...Criando a declaração
11-05-2017 16:34:17 [main] INFO  idart.database.dao.ConexaoJDBC - Conectando ao banco de dados
URL = jdbc:postgresql://192.168.10.116:5432/pharm
11-05-2017 16:34:17 [main] INFO  idart.database.dao.ConexaoJDBC - Conectado...Criando a declaração
11-05-2017 16:34:17 [main] INFO  idart.database.dao.ConexaoJDBC - Conectando ao banco de dados
URL = jdbc:postgresql://192.168.10.116:5432/pharm
11-05-2017 16:34:17 [main] INFO  idart.database.dao.ConexaoJDBC - Conectado...Criando a declaração
11-05-2017 16:43:39 [main] INFO  idart.database.dao.ConexaoJDBC - Conectando ao banco de dados
URL = jdbc:postgresql://192.168.10.116:5432/pharm
11-05-2017 16:43:39 [main] INFO  idart.database.dao.ConexaoJDBC - Conectado...Criando a declaração
11-05-2017 16:43:39 [main] INFO  idart.database.dao.ConexaoJDBC - Conectando ao banco de dados
URL = jdbc:postgresql://192.168.10.116:5432/pharm
11-05-2017 16:43:39 [main] INFO  idart.database.dao.ConexaoJDBC - Conectado...Criando a declaração
11-05-2017 16:46:32 [main] INFO  idart.database.dao.ConexaoJDBC - Conectando ao banco de dados
URL = jdbc:postgresql://192.168.10.116:5432/pharm
11-05-2017 16:46:32 [main] INFO  idart.database.dao.ConexaoJDBC - Conectado...Criando a declaração
11-05-2017 16:46:32 [main] INFO  idart.database.dao.ConexaoJDBC - Conectando ao banco de dados
URL = jdbc:postgresql://192.168.10.116:5432/pharm
11-05-2017 16:46:32 [main] INFO  idart.database.dao.ConexaoJDBC - Conectado...Criando a declaração
11-05-2017 16:54:53 [main] DEBUG celllife.idart.misc.LoginTimer - Terminating iDART - TIMER EXPIRED
11-05-2017 16:54:53 [main] DEBUG dart.start.PharmacyApplication - Logged out..
11-05-2017 16:54:53 [main] DEBUG celllife.idart.gui.login.Login - Login Form Created
11-05-2017 16:55:06 [main] INFO  idart.database.dao.ConexaoJDBC - Conectando ao banco de dados
URL = jdbc:postgresql://192.168.10.116:5432/pharm
11-05-2017 16:55:06 [main] INFO  idart.database.dao.ConexaoJDBC - Conectado...Criando a declaração
11-05-2017 16:55:06 [main] INFO  idart.database.dao.ConexaoJDBC - Conectando ao banco de dados
URL = jdbc:postgresql://192.168.10.116:5432/pharm
11-05-2017 16:55:06 [main] INFO  idart.database.dao.ConexaoJDBC - Conectado...Criando a declaração
11-05-2017 16:56:51 [main] DEBUG celllife.idart.misc.LoginTimer - Terminating iDART - TIMER EXPIRED
11-05-2017 16:56:51 [main] DEBUG dart.start.PharmacyApplication - Logged out..
11-05-2017 16:56:51 [main] DEBUG celllife.idart.gui.login.Login - Login Form Created
